<?xml version="1.0" encoding="UTF-8"?>
<!-- Generated by org.testng.reporters.JUnitReportReporter -->
<testsuite hostname="zenbook" failures="0" tests="1" name="monikagulani.tests.ErrorValidationTest" time="7.799" errors="0" timestamp="2025-02-20T17:01:57 IST" skipped="0">
  <testcase classname="monikagulani.tests.ErrorValidationTest" name="LoginErrorValidation" time="7.799"/>
</testsuite> <!-- monikagulani.tests.ErrorValidationTest -->
